<?xml version="1.0" encoding="UTF-8"?>
<!-- Generated by org.testng.reporters.JUnitReportReporter -->
<testsuite hostname="XT5774T10AW7" name="testCases.HybridExecuteTest" tests="10" failures="0" timestamp="27 Jul 2016 23:43:27 GMT" time="11.589" errors="0">
  <testcase name="testLogin" time="0.059" classname="testCases.HybridExecuteTest"/>
  <testcase name="testLogin" time="0.047" classname="testCases.HybridExecuteTest"/>
  <testcase name="testLogin" time="0.875" classname="testCases.HybridExecuteTest"/>
  <testcase name="testLogin" time="0.072" classname="testCases.HybridExecuteTest"/>
  <testcase name="testLogin" time="0.056" classname="testCases.HybridExecuteTest"/>
  <testcase name="testLogin" time="0.045" classname="testCases.HybridExecuteTest"/>
  <testcase name="testLogin" time="4.358" classname="testCases.HybridExecuteTest"/>
  <testcase name="testLogin" time="3.208" classname="testCases.HybridExecuteTest"/>
  <testcase name="testLogin" time="2.804" classname="testCases.HybridExecuteTest"/>
  <testcase name="testLogin" time="0.065" classname="testCases.HybridExecuteTest"/>
</testsuite> <!-- testCases.HybridExecuteTest -->
