<?xml version="1.0" encoding="UTF-8"?>
<!-- Generated by org.testng.reporters.JUnitReportReporter -->
<testsuite hostname="JHThinkPad-P50" name="com.appium.training.second_sample.tests.FirstTest" tests="1" failures="0" timestamp="18 Oct 2017 00:54:51 GMT" time="14.647" errors="0">
  <testcase name="Suma" time="14.647" classname="com.appium.training.second_sample.tests.FirstTest"/>
</testsuite> <!-- com.appium.training.second_sample.tests.FirstTest -->
